 1002  ssh dsaddikfa24@172.20.25.9
 1003  ls
 1004  cd Desktop
 1005  cd CS131
 1006  ls
 1007  cd mini-assignments-deemasaddik
 1008  ls
 1009  mkdir SaddikD_A6
 1010  ls
 1011  cd SaddikD_A6
 1012  pwd
 1013  git clone https://github.com/CS131-BigDataProcessing/CS131
 1014  cd ..
 1015  git clone https://github.com/CS131-BigDataProcessing/CS131_fa24_datafiles.git
 1016  ls
 1017  cd CS131_fa24_datafiles
 1018  ls
 1019  cd Lec08
 1020  ls
 1021  git pull
 1022  pwd
 1023  head airline_stats.csv
 1024  awk -F, '{print $4}' | uniq airline_stats.csv > airline_inquiry.txt
 1025  awk -F, '{print $4}' | uniq airline_stats.csv
 1026  awk -F, '{print $4}' airline_stats.csv | sort | uniq
 1027  awk -F, '{print $4}' airline_stats.csv | sort | uniq > airline_inquiry.txt
 1028  vi airline_inquiry.txt
 1029  echo "Question 2A" >> airline_inquiry.txt
 1030  echo "Has a carrier delay greater than 10 and print airline names (alphabetically. Hint* pipe input into sort)" >> airline_inquiry.txt
 1031  vi airline_inquiry.txt
 1032  Has a carrier delay greater than 10 and print airline names (alphabetically. Hint* pipe input into sort)\n
 1033  awk -F, '$1 > 10 {print $4}' airline_stats.csv | sort
 1034  awk -F, '$1 > 10 {print $4}' airline_stats.csv | sort | uniq
 1035  awk -F, '$1 > 10 {print $4}' airline_stats.csv | sort | uniq >> airline_inquiry.txt
 1036  vi airline_inquiry.txt
 1037  echo "\n"
 1038  echo "\n" >> airline_inquiry.txt
 1039  vi airline_inquiry.txt
 1040  echo "#Question 2 Part B\nHas a carrier delay greater than a certain threshold of 15? Use -v to pass in a value that is set to 'Threshold = 15'" >> airline_inquiry.txt
 1041  vi airline_inquiry.txt
 1042  awk -F, -v Threshold=15 '{ if ($1 > Threshold) print $4 }' airline_stats.csv >> airline_inquiry.txt
 1043  vi airline_inquiry.txt
